<?xml version="1.0" encoding="UTF-8"?>

<database>

    <role name="role1"/>
    <role name="role2" description="description of role2"/>
    <role name="role3"/>
    <role name="role4"/>

    <group name="group1"
           description="description of group1"
           roles="role1, role2, role3">
    </group>

    <group name="group2"
           roles="role3">
    </group>

    <group name="group3"
           roles="role1, role4"/>

    <user name="user1"
          password="pw1"
          roles="role1, role2"
          groups="group2">
    </user>

    <user name="user2"
          password="{sha256}93915a0a4bf8f634cb1856494dd4304472ad46b9827f541f76b6761c49cc55b0"
          fullName="user2 password"
          groups="group3">
    </user>


</database>